<?xml version="1.0" encoding="UTF-8"?>
<testsuites name="jest tests" tests="2" failures="0" errors="0" time="2.184">
  <testsuite name="pagebreaks" errors="0" failures="0" skipped="0" timestamp="2024-07-17T00:57:39" time="1.883" tests="2">
    <testcase classname="pagebreaks should be tested" name="pagebreaks should be tested" time="0.002">
    </testcase>
    <testcase classname="parseExport shouldn not include spaces" name="parseExport shouldn not include spaces" time="0.001">
    </testcase>
  </testsuite>
</testsuites>